0000000000000000 0000000000000401 b __fixedpath
0000000000000000 A __start__
0000000000000000 T _start
0000000000000000 b _TLS_MODULE_BASE_
0000000000000080 t startup
00000000000000b0 t bss_loop
0000000000000104 T __nx_exit
0000000000000118 T _init
0000000000000180 0000000000000038 T exit
00000000000001c0 000000000000420c T main
0000000000000408 0000000000002000 b tmp_buffer.6750
0000000000002408 0000000000002000 b tmp_buffer.6774
00000000000043d0 t deregister_tm_clones
0000000000004400 t register_tm_clones
0000000000004438 t __do_global_dtors_aux
0000000000004480 t frame_dummy
00000000000044c0 0000000000000294 T consoleDrawChar
0000000000004760 0000000000000164 T consolePrintChar
00000000000048d0 0000000000000170 t consoleClearLine
0000000000004a40 00000000000001c4 t newRow
0000000000004c10 000000000000018c t consoleCls
0000000000004da0 00000000000000f8 T consoleInit
0000000000004ea0 0000000000000854 t con_write
0000000000005700 0000000000000034 t ipcCloseObjectById
0000000000005740 0000000000000124 t _appletGetHandle
0000000000005870 00000000000000e0 t _appletGetOperationMode.constprop.13
0000000000005950 00000000000000e0 t _appletGetCurrentFocusState.constprop.15
0000000000005a30 00000000000000ec t _appletReceiveMessage
0000000000005b20 00000000000000e0 t _appletGetPerformanceMode.constprop.14
0000000000005c00 00000000000000cc t _appletAcquireForegroundRights
0000000000005cd0 00000000000000d4 t _appletSetOperationModeChangedNotification.constprop.16
0000000000005db0 00000000000000d4 t _appletSetPerformanceModeChangedNotification.constprop.17
0000000000005e90 00000000000000d0 t _appletSetOutOfFocusSuspendingEnabled
0000000000005f60 00000000000000d8 t _appletSetFocusHandlingMode
0000000000006040 00000000000000e0 t _appletGetAppletResourceUserId.constprop.11
0000000000006120 000000000000013c t _appletGetSessionProxy.constprop.10
0000000000006260 000000000000048c T appletExit
00000000000066f0 0000000000000028 T appletHook
0000000000006720 0000000000000034 T appletUnhook
0000000000006760 0000000000000028 T appletGetAppletResourceUserId
0000000000006790 0000000000000120 T appletNotifyRunning
00000000000068b0 00000000000004dc T appletInitialize
0000000000006d90 00000000000000ec T appletCreateManagedDisplayLayer
0000000000006e80 000000000000000c T appletGetOperationMode
0000000000006e90 0000000000000144 T appletMainLoop
0000000000006fe0 0000000000000034 t ipcCloseObjectById
0000000000007020 0000000000000124 t _hidGetSharedMemoryHandle.constprop.8
0000000000007150 0000000000000134 t _hidCreateAppletResource.constprop.7
0000000000007290 00000000000001b0 T hidReset
0000000000007440 000000000000000c T hidGetSharedmemAddr
0000000000007450 000000000000006c T hidKeysDown
00000000000074c0 000000000000000c T hidTouchCount
00000000000074d0 000000000000049c T hidScanInput
0000000000007970 000000000000010c T hidSetNpadJoyAssignmentModeDual
0000000000007a80 0000000000000120 T hidExit
0000000000007ba0 00000000000000e8 T hidInitialize
0000000000007c90 0000000000000044 T smAddOverrideHandle
0000000000007ce0 0000000000000060 T smGetServiceOverride
0000000000007d40 0000000000000014 T smHasInitialized
0000000000007d60 0000000000000048 T smExit
0000000000007db0 0000000000000038 T smEncodeName
0000000000007df0 000000000000012c T smGetServiceOriginal
0000000000007f20 0000000000000158 T smInitialize
0000000000008080 0000000000000074 T smGetService
0000000000008100 0000000000000034 t ipcCloseObjectById
0000000000008140 0000000000000124 t _apmGetSession.constprop.4
0000000000008270 00000000000000f0 T apmExit
0000000000008360 000000000000008c T apmInitialize
00000000000083f0 00000000000000cc T apmSetPerformanceConfiguration
00000000000084c0 00000000000000ec T fatalWithType
00000000000085b0 0000000000000014 T fatalSimple
00000000000085d0 00000000000000c8 t _gfxDequeueBuffer.part.0
00000000000086a0 0000000000000038 t _gfxQueueBuffer.part.1
00000000000086e0 00000000000000e8 T gfxConfigureCrop
00000000000087d0 0000000000000014 T gfxConfigureResolution
00000000000087f0 0000000000000060 t _gfxAutoResolutionAppletHook
0000000000008850 000000000000011c T gfxConfigureAutoResolution
0000000000008970 0000000000000178 T gfxExit
0000000000008af0 0000000000000054 T _gfxGraphicBufferInit
0000000000008b50 0000000000000080 T gfxWaitForVsync
0000000000008bd0 0000000000000588 T gfxInitDefault
0000000000009160 000000000000005c T gfxSwapBuffers
00000000000091c0 0000000000000068 T gfxGetFramebuffer
0000000000009230 000000000000000c T gfxSetMode
0000000000009240 0000000000000144 T gfxFlushBuffers
0000000000009390 000000000000003c t nvmapobjClose
00000000000093d0 000000000000006c t nvmapobjInitialize.part.0
0000000000009440 0000000000000070 t nvmapobjSetup.constprop.2
00000000000094b0 0000000000000bd8 T nvgfxInitialize
000000000000a090 0000000000000128 T nvgfxExit
000000000000a1c0 0000000000000068 T nvgfxEventWait
000000000000a230 000000000000003c T nvgfxGetFramebuffer
000000000000a270 0000000000000024 T nvioctlChannel_SetNvmapFd
000000000000a2a0 0000000000000030 T nvioctlChannel_AllocObjCtx
000000000000a2d0 0000000000000028 T nvioctlChannel_ZCullBind
000000000000a300 0000000000000028 T nvioctlChannel_SetErrorNotifier
000000000000a330 0000000000000024 T nvioctlChannel_SetPriority
000000000000a360 0000000000000054 T nvioctlChannel_AllocGpfifoEx2
000000000000a3c0 0000000000000024 T nvioctlChannel_SetUserData
000000000000a3f0 0000000000000040 T nvioctlNvhostCtrl_EventWait
000000000000a430 000000000000003c T nvioctlNvhostCtrlGpu_ZCullGetCtxSize
000000000000a470 0000000000000060 T nvioctlNvhostCtrlGpu_ZCullGetInfo
000000000000a4d0 000000000000009c T nvioctlNvhostCtrlGpu_GetCharacteristics
000000000000a570 000000000000005c T nvioctlNvhostCtrlGpu_GetTpcMasks
000000000000a5d0 000000000000003c T nvioctlNvhostCtrlGpu_GetL2State
000000000000a610 0000000000000024 T nvioctlNvhostAsGpu_BindChannel
000000000000a640 0000000000000044 T nvioctlNvhostAsGpu_AllocSpace
000000000000a690 0000000000000050 T nvioctlNvhostAsGpu_MapBufferEx
000000000000a6e0 0000000000000070 T nvioctlNvhostAsGpu_GetVARegions
000000000000a750 000000000000003c T nvioctlNvhostAsGpu_InitializeEx
000000000000a790 000000000000003c T nvioctlNvmap_Create
000000000000a7d0 000000000000003c T nvioctlNvmap_FromId
000000000000a810 0000000000000030 T nvioctlNvmap_Alloc
000000000000a840 000000000000003c T nvioctlNvmap_GetId
000000000000a87c T armDCacheFlush
000000000000a8a0 t armDCacheFlush_L0
000000000000a8b8 T svcSetHeapSize
000000000000a8cc T svcUnmapMemory
000000000000a8d4 T svcQueryMemory
000000000000a8e8 T svcExitProcess
000000000000a8f0 T svcSleepThread
000000000000a8f8 T svcMapSharedMemory
000000000000a900 T svcUnmapSharedMemory
000000000000a908 T svcCreateTransferMemory
000000000000a91c T svcCloseHandle
000000000000a924 T svcResetSignal
000000000000a92c T svcWaitSynchronization
000000000000a940 T svcArbitrateLock
000000000000a948 T svcArbitrateUnlock
000000000000a950 T svcGetSystemTick
000000000000a958 T svcConnectToNamedPort
000000000000a96c T svcSendSyncRequest
000000000000a974 T svcBreak
000000000000a97c T svcGetInfo
000000000000a990 T svcUnmapTransferMemory
000000000000a9a0 00000000000000a0 T __nx_dynamic
000000000000aa40 00000000000000d8 W __libnx_initheap
000000000000ab20 0000000000000090 W __appInit
000000000000abb0 0000000000000034 W __appExit
000000000000abf0 0000000000000028 W __libnx_init
000000000000ac20 0000000000000020 W __libnx_exit
000000000000ac40 00000000000001b0 T envSetup
000000000000adf0 0000000000000020 T envGetMainThreadHandle
000000000000ae10 000000000000000c T envIsNso
000000000000ae20 0000000000000014 T envHasHeapOverride
000000000000ae40 000000000000000c T envGetHeapOverrideAddr
000000000000ae50 000000000000000c T envGetHeapOverrideSize
000000000000ae60 0000000000000014 T envHasArgv
000000000000ae80 000000000000000c T envGetArgv
000000000000ae90 000000000000000c T envGetExitFuncPtr
000000000000aea0 0000000000000008 t mutexInit
000000000000aeb0 000000000000000c t rmutexInit
000000000000aec0 00000000000000b8 T __libnx_gtod
000000000000af80 0000000000000020 T __libnx_clock_settime
000000000000afa0 0000000000000028 T __libnx_nanosleep
000000000000afd0 0000000000000034 t __libnx_get_reent
000000000000b010 0000000000000058 T __libnx_clock_getres
000000000000b070 00000000000000e0 T __libnx_clock_gettime
000000000000b150 0000000000000054 T __libnx_init_time
000000000000b1b0 0000000000000118 T newlibSetup
000000000000b2d0 0000000000000368 T argvSetup
000000000000b640 0000000000000150 t _CacheValues
000000000000b790 000000000000001c T kernelAbove200
000000000000b7b0 000000000000001c T kernelAbove300
000000000000b7d0 0000000000000030 T detectDebugger
000000000000b800 0000000000000014 T shmemLoadRemote
000000000000b820 0000000000000084 T shmemMap
000000000000b8b0 0000000000000058 T shmemUnmap
000000000000b910 0000000000000044 T shmemClose
000000000000b960 000000000000004c T rwlockReadLock
000000000000b9b0 000000000000004c T rwlockReadUnlock
000000000000ba00 0000000000000008 T rwlockWriteLock
000000000000ba10 0000000000000008 T rwlockWriteUnlock
000000000000ba20 000000000000008c T mutexLock
000000000000bab0 0000000000000030 T mutexUnlock
000000000000bae0 000000000000004c T rmutexLock
000000000000bb30 000000000000001c T rmutexUnlock
000000000000bb50 000000000000007c t _GetRegionFromInfo.isra.1
000000000000bbd0 00000000000000e4 T virtmemSetup
000000000000bcc0 000000000000013c T virtmemReserve
000000000000be00 0000000000000004 T virtmemFree
000000000000be10 0000000000000010 t fsdev_link
000000000000be20 0000000000000010 t fsdev_dirreset
000000000000be30 0000000000000010 t fsdev_chmod
000000000000be40 000000000000001c t error_cmp
000000000000be60 0000000000000058 t fsdev_translate_error
000000000000bec0 0000000000000040 t fsdev_fsync
000000000000bf00 0000000000000060 t fsdev_ftruncate
000000000000bf60 0000000000000020 t fsdev_dirclose
000000000000bf80 000000000000016c t fsdev_dirnext
000000000000c0f0 000000000000001c t fsdev_close
000000000000c110 0000000000000080 t fsdev_fstat
000000000000c190 00000000000000b0 t fsdev_seek
000000000000c240 0000000000000198 t fsdev_read
000000000000c3e0 00000000000001a0 t fsdev_write
000000000000c580 0000000000000120 t fsdevFindDevice
000000000000c6a0 0000000000000168 t _fsdevMountDevice
000000000000c810 00000000000001fc t fsdev_getfspath
000000000000ca10 0000000000000070 t fsdev_rmdir
000000000000ca80 00000000000000d4 t fsdev_statvfs
000000000000cb60 00000000000000ec t fsdev_diropen
000000000000cc50 0000000000000070 t fsdev_mkdir
000000000000ccc0 0000000000000114 t fsdev_rename
000000000000cde0 00000000000000e8 t fsdev_chdir
000000000000ced0 0000000000000070 t fsdev_unlink
000000000000cf40 0000000000000168 t fsdev_stat
000000000000d0b0 0000000000000180 t fsdev_open
000000000000d230 00000000000000b8 t _fsdevUnmountDeviceStruct.part.4
000000000000d2f0 0000000000000010 t fsdev_fchmod
000000000000d300 0000000000000158 T fsdevMountSdmc
000000000000d460 0000000000000064 T fsdevUnmountAll
000000000000d4d0 0000000000000034 t ipcCloseObjectById
000000000000d510 00000000000000c8 t ipcQueryPointerBufferSize.constprop.6
000000000000d5e0 00000000000000d8 t _nvSetClientPID
000000000000d6c0 00000000000000f0 t _nvInitialize.constprop.5
000000000000d7b0 00000000000000a8 T nvExit
000000000000d860 00000000000001a4 T nvInitialize
000000000000da10 000000000000012c T nvConvertError
000000000000db40 000000000000012c T nvOpen
000000000000dc70 0000000000000218 T nvIoctl
000000000000de90 00000000000000dc T nvClose
000000000000df70 000000000000013c T nvQueryEvent
000000000000e0b0 0000000000000034 t ipcCloseObjectById
000000000000e0f0 000000000000012c t _timeGetSession
000000000000e220 00000000000001ec T timeExit
000000000000e410 00000000000000d8 T timeInitialize
000000000000e4f0 0000000000000124 T timeGetCurrentTime
000000000000e620 0000000000000034 t ipcCloseObjectById
000000000000e660 0000000000000130 t _viCreatestray_layer.isra.4
000000000000e790 0000000000000134 t _viGetSession.constprop.6
000000000000e8d0 0000000000000140 t _viOpenLayer
000000000000ea10 00000000000001d8 T viExit
000000000000ebf0 000000000000026c T viInitialize
000000000000ee60 000000000000000c T viGetSession_IHOSBinderDriverRelay
000000000000ee70 0000000000000140 T viOpenDisplay
000000000000efb0 00000000000000f0 T viCloseDisplay
000000000000f0a0 00000000000000d0 T viOpenLayer
000000000000f170 0000000000000100 T viCloseLayer
000000000000f270 00000000000000e8 T viSetLayerScalingMode
000000000000f360 000000000000012c T viGetDisplayVsyncEvent
000000000000f490 0000000000000034 t ipcCloseObjectById
000000000000f4d0 0000000000000124 T fsInitialize
000000000000f600 000000000000009c T fsExit
000000000000f6a0 0000000000000134 T fsMountSdcard
000000000000f7e0 00000000000000f4 T fsFsCreateFile
000000000000f8e0 00000000000000f0 T fsFsDeleteFile
000000000000f9d0 00000000000000f0 T fsFsCreateDirectory
000000000000fac0 00000000000000f0 T fsFsDeleteDirectory
000000000000fbb0 000000000000011c T fsFsRenameFile
000000000000fcd0 000000000000011c T fsFsRenameDirectory
000000000000fdf0 0000000000000104 T fsFsGetEntryType
000000000000ff00 0000000000000154 T fsFsOpenFile
0000000000010060 000000000000014c T fsFsOpenDirectory
00000000000101b0 0000000000000104 T fsFsGetFreeSpace
00000000000102c0 0000000000000104 T fsFsGetTotalSpace
00000000000103d0 000000000000006c T fsFsClose
0000000000010440 0000000000000108 T fsFileRead
0000000000010550 00000000000000f8 T fsFileWrite
0000000000010650 00000000000000c8 T fsFileFlush
0000000000010720 00000000000000c8 T fsFileSetSize
00000000000107f0 00000000000000ec T fsFileGetSize
00000000000108e0 000000000000006c T fsFileClose
0000000000010950 000000000000006c T fsDirClose
00000000000109c0 0000000000000110 T fsDirRead
0000000000010ad0 0000000000000010 T bufferProducerInitialize
0000000000010ae0 000000000000000c T bufferProducerExit
0000000000010af0 000000000000011c T bufferProducerRequestBuffer
0000000000010c10 0000000000000198 T bufferProducerDequeueBuffer
0000000000010db0 0000000000000094 T bufferProducerDetachBuffer
0000000000010e50 0000000000000108 T bufferProducerQueueBuffer
0000000000010f60 00000000000000dc T bufferProducerQuery
0000000000011040 0000000000000110 T bufferProducerConnect
0000000000011150 0000000000000094 T bufferProducerDisconnect
00000000000111f0 0000000000000100 T bufferProducerGraphicBufferInit
00000000000112f0 0000000000000248 t _binderTransactParcelAuto
0000000000011540 00000000000000c8 t ipcQueryPointerBufferSize
0000000000011610 0000000000000138 t _binderTransactParcel
0000000000011750 0000000000000018 T binderCreateSession
0000000000011770 0000000000000010 T binderTransactParcel
0000000000011780 00000000000000e4 T binderAdjustRefcount
0000000000011870 0000000000000068 T binderExitSession
00000000000118e0 000000000000013c T binderGetNativeHandle
0000000000011a20 0000000000000120 T binderInitSession
0000000000011b40 0000000000000028 T parcelInitialize
0000000000011b70 0000000000000190 T parcelTransact
0000000000011d00 0000000000000088 T parcelWriteData
0000000000011d90 0000000000000098 T parcelReadData
0000000000011e30 0000000000000020 T parcelWriteInt32
0000000000011e50 0000000000000020 T parcelWriteUInt32
0000000000011e70 0000000000000080 T parcelWriteString16
0000000000011ef0 0000000000000030 T parcelWriteInterfaceToken
0000000000011f20 0000000000000024 T parcelReadInt32
0000000000011f50 0000000000000068 T parcelReadFlattenedObject
0000000000011fc0 0000000000000044 T parcelWriteFlattenedObject
0000000000012010 000000000000012c T decode_utf8
000000000001213c T __aarch64_read_tp
0000000000012150 00000000000000c4 T nxlinkSetup
0000000000012220 000000000000007c T tmemCreate
00000000000122a0 0000000000000058 T tmemUnmap
0000000000012300 0000000000000068 T tmemClose
0000000000012368 00000000000000b8 T bsearch
0000000000012420 0000000000000014 T __errno
0000000000012438 0000000000000044 T __libc_fini_array
0000000000012480 000000000000008c T __libc_init_array
0000000000012510 000000000000002c T __locale_mb_cur_max
0000000000012540 0000000000000008 T __locale_ctype_ptr_l
0000000000012548 000000000000002c T __locale_ctype_ptr
0000000000012578 0000000000000030 T memalign
00000000000125a8 0000000000000198 T _memalign_r
0000000000012740 000000000000001c T malloc
0000000000012760 000000000000001c T free
0000000000012780 0000000000000844 T _malloc_r
0000000000012fc8 00000000000002c8 T __utf8_mbtowc
0000000000013290 00000000000000d8 T memchr
0000000000013380 000000000000016c T memcpy
0000000000013500 00000000000001d8 T memset
00000000000136d8 000000000000000c T __malloc_lock
00000000000136e8 000000000000000c T __malloc_unlock
00000000000136f8 000000000000008c T printf
0000000000013788 0000000000000024 T srand
00000000000137b0 0000000000000038 T rand
00000000000137e8 000000000000025c T setvbuf
0000000000013a48 00000000000000bc T sscanf
0000000000013b08 0000000000000050 T __sread
0000000000013b58 0000000000000008 T __seofread
0000000000013b60 000000000000006c T __swrite
0000000000013bd0 0000000000000050 T __sseek
0000000000013c20 0000000000000008 T __sclose
0000000000013c28 00000000000000dc T strchr
0000000000013d40 00000000000000a4 T strcmp
0000000000013e00 0000000000000140 T strlen
0000000000013f40 0000000000000084 T strncat
000000000001401c 0000000000000108 T strncmp
0000000000014128 00000000000000a8 T strncpy
0000000000014224 00000000000000e0 T strnlen
00000000000142e0 00000000000001d0 t _strtol_l.isra.0
00000000000144b0 0000000000000048 T _strtol_r
00000000000144f8 00000000000001e0 t _strtoul_l.isra.0
00000000000146d8 0000000000000048 T _strtoul_r
0000000000014720 000000000000005c T strtoul
000000000001477c 000000000000005c t get_arg
00000000000147d8 0000000000002f48 T __ssvfscanf_r
0000000000017720 0000000000000040 T time
0000000000017760 000000000000003c T __sprint_r
000000000001779c 000000000000076c t get_arg
0000000000017f08 0000000000003bfc T _vfprintf_r
000000000001bb04 00000000000000ec t __sbprintf
000000000001bbf0 00000000000000d0 T _wcrtomb_r
000000000001bcc0 0000000000000010 T _wcsrtombs_r
000000000001bcd0 00000000000000e4 T __utf8_wctomb
000000000001bdb8 0000000000000140 T __swsetup_r
000000000001bef8 000000000000017c T __call_exitprocs
000000000001c078 00000000000001a8 t quorem
000000000001c220 00000000000010dc T _dtoa_r
000000000001d300 0000000000000214 T __sflush_r
000000000001d518 00000000000000b8 T _fflush_r
000000000001d5d0 0000000000000078 t std
000000000001d648 000000000000000c T _cleanup_r
000000000001d658 000000000000000c T __sfp_lock_acquire
000000000001d668 000000000000000c T __sfp_lock_release
000000000001d678 000000000000000c T __sinit_lock_acquire
000000000001d688 000000000000000c T __sinit_lock_release
000000000001d698 0000000000000080 T __sinit
000000000001d718 0000000000000118 T _malloc_trim_r
000000000001d830 00000000000002f4 T _free_r
000000000001db28 00000000000004b8 T __sfvwrite_r
000000000001dfe0 00000000000000bc T _fwalk_reent
000000000001e0a0 0000000000000084 T iswspace
000000000001e128 0000000000000244 t __jp2uc
000000000001e370 00000000000000d0 T _jp2uc
000000000001e440 0000000000000008 T __localeconv_l
000000000001e448 0000000000000028 T _localeconv_r
000000000001e470 00000000000000a4 T __swhatbuf_r
000000000001e518 000000000000010c T __smakebuf_r
000000000001e628 00000000000000d8 T _mbrtowc_r
000000000001e700 00000000000000ac T memmove
000000000001e7b0 0000000000000090 T _Balloc
000000000001e840 000000000000001c T _Bfree
000000000001e860 00000000000000e8 T __multadd
000000000001e948 0000000000000120 T __s2b
000000000001ea68 000000000000005c T __hi0bits
000000000001eac8 00000000000000a0 T __lo0bits
000000000001eb68 000000000000002c T __i2b
000000000001eb98 00000000000001c8 T __multiply
000000000001ed60 0000000000000104 T __pow5mult
000000000001ee68 0000000000000134 T __lshift
000000000001efa0 0000000000000050 T __mcmp
000000000001eff0 000000000000014c T __mdiff
000000000001f140 0000000000000068 T __ulp
000000000001f1a8 0000000000000150 T __b2d
000000000001f2f8 0000000000000138 T __d2b
000000000001f430 00000000000000a0 T __ratio
000000000001f4d0 0000000000000068 T __copybits
000000000001f538 0000000000000084 T __any_on
000000000001f5c0 0000000000000030 T realloc
000000000001f5f0 000000000000056c T _realloc_r
000000000001fb60 00000000000000bc T __sccl
000000000001fc20 000000000000000c T nanf
000000000001fc30 000000000000007c T frexp
000000000001fcb0 00000000000000a8 T sprintf
000000000001fd58 00000000000000c8 T stpncpy
000000000001fe20 0000000000000054 t sulp
000000000001fe78 00000000000010f0 T _strtod_l
0000000000020f68 0000000000000040 T _strtod_r
0000000000020fa8 00000000000001d0 t _strtoll_l.isra.0
0000000000021178 0000000000000048 T _strtoll_r
00000000000211c0 00000000000001e0 t _strtoull_l.isra.0
00000000000213a0 0000000000000048 T _strtoull_r
00000000000213e8 00000000000001c0 T __ssprint_r
00000000000215a8 00000000000000f4 T _sungetc_r
000000000002169c 0000000000000070 T __ssrefill_r
000000000002170c 00000000000000e0 T _sfread_r
00000000000217ec 000000000000076c t get_arg
0000000000021f58 0000000000003b44 T _svfprintf_r
0000000000025aa0 00000000000000c8 T __submore
0000000000025b68 00000000000001dc T _wcsnrtombs_l
0000000000025d48 0000000000000054 T _wcsnrtombs_r
0000000000025da0 0000000000000094 T _calloc_r
0000000000025e38 000000000000015c T _fclose_r
0000000000025f98 0000000000000114 t rshift
00000000000260b0 00000000000007e8 T __gethex
0000000000026898 0000000000000048 T __match
00000000000268e0 000000000000022c T __hexnan
0000000000026b10 0000000000000008 t null_write
0000000000026b18 0000000000000018 T setDefaultDevice
0000000000026b30 00000000000000f8 T FindDevice
0000000000026c28 0000000000000034 T RemoveDevice
0000000000026c60 00000000000000d8 T AddDevice
0000000000026d38 00000000000000a8 T _close_r
0000000000026de0 0000000000000080 T _fstat_r
0000000000026e60 0000000000000028 T _gettimeofday_r
0000000000026e88 0000000000000008 T _isatty_r
0000000000026e90 0000000000000094 T _lseek_r
0000000000026f28 00000000000000a4 T _read_r
0000000000026fd0 0000000000000078 T _sbrk_r
0000000000027048 00000000000000a4 T _write_r
00000000000270f0 0000000000000024 T _exit
0000000000027118 0000000000000234 T _concatenate_path
0000000000027350 0000000000000178 T chdir
00000000000274c8 0000000000000018 T __libc_lock_acquire
00000000000274e0 0000000000000018 T __libc_lock_release
00000000000274f8 0000000000000018 T __libc_lock_init_recursive
0000000000027510 0000000000000018 T __libc_lock_acquire_recursive
0000000000027528 0000000000000018 T __libc_lock_release_recursive
0000000000027540 0000000000000018 T __libc_lock_close_recursive
0000000000027558 000000000000003c T __free_handle
0000000000027598 0000000000000058 T __release_handle
00000000000275f0 0000000000000020 T __get_handle
0000000000027610 0000000000000024 T __getreent
0000000000027638 0000000000000150 t __extenddftf2
0000000000027788 0000000000000350 t __trunctfdf2
0000000000027ad8 0000000000000070 t __sfp_handle_exceptions
0000000000027b48 0000000000000100 T strrchr
0000000000027c48 T _fini
00000000000280b0 0000000000000060 r colorTable
0000000000028180 0000000000000014 r CSWTCH.39
000000000002824c R default_font_bin
000000000002a24c R default_font_bin_end
000000000002a24c R default_font_bin_size
000000000002a258 0000000000000018 r error_table
000000000002a3f8 0000000000000022 r basefix.6415
000000000002a5a8 0000000000000010 r blanks.6393
000000000002a5b8 0000000000000010 r zeroes.6394
000000000002a5c8 0000000000000101 R _ctype_
000000000002a720 00000000000000bc r a1
000000000002a7e0 00000000000000bc r a2
000000000002a8a0 000000000000005b r a3
000000000002a900 0000000000000070 r a6
000000000002a970 00000000000000a2 r a7
000000000002aa18 0000000000000040 r a8
000000000002aa58 000000000000172a r b02cf
000000000002c188 0000000000001a7c r d02f4
000000000002dc08 0000000000000028 R __mprec_bigtens
000000000002dc30 00000000000000c8 R __mprec_tens
000000000002dcf8 000000000000000c r p05.5161
000000000002dd38 0000000000000014 r fpi.5241
000000000002dd50 0000000000000014 r fpinan.5277
000000000002dd68 0000000000000028 r tinytens
000000000002dd90 000000000000006c R __action_table
000000000002de00 0000000000000100 R __chclass
000000000002df00 000000000000006c R __state_table
000000000002e0b8 0000000000000010 r blanks.6378
000000000002e0c8 0000000000000010 r zeroes.6379
000000000002e0d8 0000000000000100 R __hexdig
000000000002e1e0 0000000000000003 R DIRECTORY_PARENT
000000000002e1e8 r __EH_FRAME_BEGIN__
000000000003343c r __FRAME_END__
0000000000033440 a _DYNAMIC
0000000000036000 t __frame_dummy_init_array_entry
0000000000036000 T __init_array_start
0000000000036000 B __preinit_array_end
0000000000036000 B __preinit_array_start
0000000000036000 D __tdata_lma
0000000000036000 D __tdata_lma_end
0000000000036008 t __do_global_dtors_aux_fini_array_entry
0000000000036008 T __fini_array_start
0000000000036008 T __init_array_end
0000000000036010 T __fini_array_end
0000000000036010 T __got_start__
0000000000036010 a _GLOBAL_OFFSET_TABLE_
00000000000362c0 D __got_end__
00000000000362c0 0000000000000001 d firstConsoleInit.5935
00000000000362c8 0000000000000008 D currentConsole
00000000000362d0 0000000000000068 D defaultConsole
0000000000036338 00000000000000e0 d dotab_stdout
0000000000036418 0000000000000001 V __nx_applet_auto_notifyrunning
000000000003641c 0000000000000004 V __nx_applet_type
0000000000036420 0000000000000004 d g_gfxMode
0000000000036428 0000000000000054 d g_gfxQueueBufferData
0000000000036480 000000000000016c d g_gfx_BufferInitData
00000000000365ec 0000000000000001 D g_gfx_drawflip
00000000000365f0 0000000000000004 V __nx_time_type
00000000000365f8 0000000000000401 d __cwd
00000000000369fc 0000000000000004 d fsdev_fsdevice_cwd
0000000000036a00 0000000000000004 d fsdev_fsdevice_default
0000000000036a08 00000000000000e0 d fsdev_devoptab
0000000000036ae8 0000000000000004 d g_nvServiceType
0000000000036aec 0000000000000004 d g_viServiceType
0000000000036af0 0000000000000023 d g_bufferProducer_InterfaceDescriptor
0000000000036b18 0000000000000008 D _impure_ptr
0000000000036b20 0000000000000768 d impure_data
0000000000037288 0000000000000008 D _global_impure_ptr
0000000000037290 00000000000001a8 D __global_locale
0000000000037438 0000000000000008 D __malloc_sbrk_base
0000000000037440 0000000000000008 D __malloc_trim_threshold
0000000000037448 0000000000000810 D __malloc_av_
0000000000037c58 0000000000000004 d defaultDevice
0000000000037c60 0000000000000080 D devoptab_list
0000000000037ce0 00000000000000e0 D dotab_stdnull
0000000000037dc0 0000000000000400 d _current_working_directory
00000000000381c0 0000000000000010 d __stderr_handle
00000000000381d0 0000000000000010 d __stdin_handle
00000000000381e0 0000000000000010 d __stdout_handle
00000000000381f0 0000000000002000 d handles
000000000003a1f0 D __bss_start__
000000000003a1f0 D __TMC_END__
000000000003a1f0 b completed.7821
000000000003a1f8 b object.7826
000000000003a228 0000000000000008 V __nx_applet_PerformanceConfiguration
000000000003a230 0000000000000018 b g_appletFirstHook
000000000003a248 0000000000000001 b g_appletFocusState
000000000003a250 000000000000000c b g_appletIAudioController
000000000003a260 000000000000000c b g_appletICommonStateGetter
000000000003a270 000000000000000c b g_appletIDebugFunctions
000000000003a280 000000000000000c b g_appletIDisplayController
000000000003a290 000000000000000c b g_appletIFunctions
000000000003a2a0 000000000000000c b g_appletILibraryAppletCreator
000000000003a2b0 000000000000000c b g_appletILibraryAppletSelfAccessor
000000000003a2c0 000000000000000c b g_appletIProcessWindingController
000000000003a2d0 000000000000000c b g_appletISelfController
000000000003a2e0 000000000000000c b g_appletIWindowController
000000000003a2ec 0000000000000004 b g_appletMessageEventHandle
000000000003a2f0 0000000000000001 b g_appletNotifiedRunning
000000000003a2f1 0000000000000001 b g_appletOperationMode
000000000003a2f4 0000000000000004 b g_appletPerformanceMode
000000000003a2f8 000000000000000c b g_appletProxySession
000000000003a308 0000000000000008 b g_appletResourceUserId
000000000003a310 000000000000000c b g_appletSrv
000000000003a320 0000000000000008 b g_refCnt
000000000003a328 0000000000000050 b g_controllerDown
000000000003a378 00000000000001e0 b g_controllerEntries
000000000003a558 0000000000000190 b g_controllerHeaders
000000000003a6e8 0000000000000050 b g_controllerHeld
000000000003a738 0000000000000028 b g_controllerLayout
000000000003a760 0000000000000050 b g_controllerOld
000000000003a7b0 0000000000000004 b g_controllerP1AutoID
000000000003a7b8 0000000000000050 b g_controllerTimestamps
000000000003a808 0000000000000050 b g_controllerUp
000000000003a858 000000000000000c b g_hidIAppletResource
000000000003a868 0000000000000020 b g_hidLock
000000000003a888 0000000000000020 b g_hidSharedmem
000000000003a8a8 000000000000000c b g_hidSrv
000000000003a8b8 0000000000000020 b g_keyboardDown
000000000003a8d8 0000000000000038 b g_keyboardEntry
000000000003a910 0000000000000020 b g_keyboardHeld
000000000003a930 0000000000000008 b g_keyboardModDown
000000000003a938 0000000000000008 b g_keyboardModHeld
000000000003a940 0000000000000008 b g_keyboardModOld
000000000003a948 0000000000000008 b g_keyboardModUp
000000000003a950 0000000000000020 b g_keyboardOld
000000000003a970 0000000000000008 b g_keyboardTimestamp
000000000003a978 0000000000000020 b g_keyboardUp
000000000003a998 0000000000000008 b g_mouseDown
000000000003a9a0 0000000000000030 b g_mouseEntry
000000000003a9d0 0000000000000008 b g_mouseHeld
000000000003a9d8 0000000000000008 b g_mouseOld
000000000003a9e0 0000000000000008 b g_mouseTimestamp
000000000003a9e8 0000000000000008 b g_mouseUp
000000000003a9f0 0000000000000008 b g_refCnt
000000000003a9f8 0000000000000298 b g_touchEntry
000000000003ac90 0000000000000008 b g_touchTimestamp
000000000003ac98 0000000000000008 b g_refCnt
000000000003aca0 0000000000000004 b g_smHandle
000000000003aca8 0000000000000200 b g_smOverrides
000000000003aea8 0000000000000008 b g_smOverridesNum
000000000003aeb0 000000000000000c b g_apmISession
000000000003aec0 000000000000000c b g_apmSrv
000000000003aed0 0000000000000008 b g_refCnt
000000000003aed8 0000000000000020 b g_gfxBinderSession
000000000003aef8 0000000000000004 b g_gfxCurrentBuffer
000000000003aefc 0000000000000004 b g_gfxCurrentProducerBuffer
000000000003af00 0000000000000050 b g_gfxDisplay
000000000003af50 0000000000000004 b g_gfxDisplayVsyncEvent
000000000003af58 0000000000000008 b g_gfxFramebuf
000000000003af60 0000000000000008 b g_gfxFramebufLinear
000000000003af68 0000000000000008 b g_gfxFramebufSize
000000000003af70 0000000000000001 b g_gfxInitialized
000000000003af78 0000000000000010 b g_gfxLayer
000000000003af88 0000000000000100 b g_gfxNativeWindow
000000000003b088 0000000000000004 b g_gfxNativeWindow_ID
000000000003b090 0000000000000008 b g_gfxNativeWindow_Size
000000000003b098 0000000000000010 b g_gfx_Connect_QueueBufferOutput
000000000003b0a8 0000000000000024 b g_gfx_DequeueBuffer_fence
000000000003b0cc 0000000000000001 b g_gfx_ProducerConnected
000000000003b0d0 0000000000000002 b g_gfx_ProducerSlotsRequested
000000000003b0d8 0000000000000010 b g_gfx_QueueBuffer_QueueBufferOutput
000000000003b0e8 0000000000000018 b g_gfx_autoresolution_applethookcookie
000000000003b100 0000000000000004 b g_gfx_autoresolution_docked_height
000000000003b104 0000000000000004 b g_gfx_autoresolution_docked_width
000000000003b108 0000000000000001 b g_gfx_autoresolution_enabled
000000000003b10c 0000000000000004 b g_gfx_autoresolution_handheld_height
000000000003b110 0000000000000004 b g_gfx_autoresolution_handheld_width
000000000003b118 0000000000000008 B g_gfx_framebuf_aligned_height
000000000003b120 0000000000000008 B g_gfx_framebuf_aligned_width
000000000003b128 0000000000000008 B g_gfx_framebuf_display_height
000000000003b130 0000000000000008 B g_gfx_framebuf_display_width
000000000003b138 0000000000000008 B g_gfx_framebuf_height
000000000003b140 0000000000000008 B g_gfx_framebuf_width
000000000003b148 0000000000000008 B g_gfx_singleframebuf_linear_size
000000000003b150 0000000000000008 B g_gfx_singleframebuf_size
000000000003b158 0000000000000001 b g_nvgfxInitialized
000000000003b15c 0000000000000004 b g_nvgfx_fd_nvhostasgpu
000000000003b160 0000000000000004 b g_nvgfx_fd_nvhostctrl
000000000003b164 0000000000000004 b g_nvgfx_fd_nvhostctrlgpu
000000000003b168 0000000000000004 b g_nvgfx_fd_nvhostgpu
000000000003b16c 0000000000000004 b g_nvgfx_fd_nvmap
000000000003b170 0000000000000008 b g_nvgfx_gpfifo_pos
000000000003b178 00000000000000a0 b g_nvgfx_gpu_characteristics
000000000003b218 0000000000000008 b g_nvgfx_l2state
000000000003b220 0000000000000008 b g_nvgfx_nvhost_fence
000000000003b228 0000000000000008 b g_nvgfx_nvhost_userdata
000000000003b230 0000000000000008 b g_nvgfx_nvhost_userdata_size
000000000003b238 0000000000000008 b g_nvgfx_nvhostasgpu_allocspace_offset
000000000003b240 0000000000000030 b g_nvgfx_nvhostasgpu_varegions
000000000003b270 0000000000000004 b g_nvgfx_nvhostctrl_eventhandle
000000000003b274 0000000000000004 b g_nvgfx_nvhostctrl_eventres
000000000003b278 0000000000000004 b g_nvgfx_nvhostctrlgpu_event2
000000000003b27c 0000000000000004 b g_nvgfx_nvhostgpu_event3
000000000003b280 0000000000000004 B g_nvgfx_totalframebufs
000000000003b288 0000000000000018 b g_nvgfx_tpcmasks
000000000003b2a0 0000000000000004 b g_nvgfx_zcullctxsize
000000000003b2a8 0000000000000028 b g_nvgfx_zcullinfo
000000000003b2d0 0000000000000008 b nvmap_obj3_mapbuffer_x0_offset
000000000003b2d8 0000000000000008 b nvmap_obj4_mapbuffer_x0_offset
000000000003b2e0 0000000000000008 b nvmap_obj6_mapbuffer_xdb_offset
000000000003b2e8 00000000000001b0 b nvmap_objs
000000000003b498 0000000000000008 V __nx_heap_size
000000000003b4a0 0000000000000001 b g_isNso
000000000003b4a4 0000000000000004 b g_lastLoadResult
000000000003b4a8 0000000000000008 b g_loaderRetAddr
000000000003b4b0 0000000000000004 b g_mainThreadHandle
000000000003b4b8 0000000000000008 b g_nextLoadArgv
000000000003b4c0 0000000000000008 b g_nextLoadPath
000000000003b4c8 0000000000000008 b g_overrideArgv
000000000003b4d0 0000000000000008 b g_overrideHeapAddr
000000000003b4d8 0000000000000008 b g_overrideHeapSize
000000000003b4e0 0000000000000004 b g_processHandle
000000000003b4e8 0000000000000010 b g_syscallHints
000000000003b4f8 0000000000000008 b __bootticks
000000000003b500 0000000000000008 b __boottime
000000000003b508 0000000000000008 b g_argv_empty
000000000003b510 0000000000000001 b g_HasCached
000000000003b511 0000000000000001 b g_IsAbove200
000000000003b512 0000000000000001 b g_IsAbove300
000000000003b513 0000000000000001 b g_IsAbove400
000000000003b514 0000000000000001 b g_IsAbove500
000000000003b518 0000000000000004 b g_Mutex
000000000003b520 0000000000000010 b g_AddressSpace
000000000003b530 0000000000000008 b g_CurrentAddr
000000000003b538 0000000000000030 b g_Region
000000000003b568 0000000000000004 b g_VirtMemMutex
000000000003b570 0000000000002300 b fsdev_fsdevices
000000000003d870 0000000000000001 b fsdev_initialised
000000000003d878 0000000000000008 b g_nvIpcBufferSize
000000000003d880 000000000000000c b g_nvSrv
000000000003d890 0000000000000028 b g_nvTransfermem
000000000003d8b8 0000000000000008 b g_refCnt
000000000003d8c0 000000000000000c b g_timeLocalSystemClock
000000000003d8d0 000000000000000c b g_timeNetworkSystemClock
000000000003d8e0 000000000000000c b g_timeSrv
000000000003d8f0 000000000000000c b g_timeTimeZoneService
000000000003d900 000000000000000c b g_timeUserSystemClock
000000000003d910 000000000000000c b g_viIApplicationDisplayService
000000000003d920 000000000000000c b g_viIHOSBinderDriverIndirect
000000000003d930 000000000000000c b g_viIHOSBinderDriverRelay
000000000003d940 000000000000000c b g_viIManagerDisplayService
000000000003d950 000000000000000c b g_viISystemDisplayService
000000000003d960 000000000000000c b g_viSrv
000000000003d970 000000000000000c b g_fsSrv
000000000003d980 0000000000000008 b g_refCnt
000000000003d988 0000000000000008 b g_bufferProducerBinderSession
000000000003d990 0000000000000028 B __malloc_current_mallinfo
000000000003d9b8 0000000000000008 B __malloc_max_sbrked_mem
000000000003d9c0 0000000000000008 B __malloc_max_total_mem
000000000003d9c8 0000000000000008 B __malloc_top_pad
000000000003d9d0 000000000000000c b __malloc_recursive_mutex
000000000003d9e0 000000000000000c B __atexit_recursive_mutex
000000000003d9f0 000000000000000c b __sfp_recursive_mutex
000000000003da00 000000000000000c b __sinit_recursive_mutex
000000000003da10 0000000000000008 b heap_start.5228
000000000003da18 0000000000000008 B fake_heap_end
000000000003da20 0000000000000008 B fake_heap_start
000000000003da28 0000000000000400 b temp_cwd
000000000003de28 0000000000000090 B __syscalls
000000000003deb8 0000000000000004 b __hndl_lock
000000000003dec0 0000000000000068 B currentCopy
000000000003df28 0000000000000008 B g_nvgfx_nvhostgpu_gpfifo_fence
000000000003df30 0000000000000008 B __stack_top
000000000003df38 0000000000000008 B __system_argv
000000000003df40 0000000000000004 B __system_argc
000000000003df48 0000000000000004 B __nxlink_host
000000000003df50 B __tls_start
0000000000042358 B __bss_end__
0000000000042358 A __end__
0000000000042358 B __tls_end
0000000000043000 A __argdata__
